<?xml version="1.0" encoding="UTF-8"?>
<testng-results ignored="0" total="3" passed="3" failed="0" skipped="0">
  <reporter-output>
  </reporter-output>
  <suite started-at="2022-10-20T22:07:53 IST" name="Default suite" finished-at="2022-10-20T22:08:18 IST" duration-ms="25073">
    <groups>
    </groups>
    <test started-at="2022-10-20T22:07:53 IST" name="Default test" finished-at="2022-10-20T22:08:18 IST" duration-ms="25073">
      <class name="loginTestNG.AdminLogin">
        <test-method is-config="true" signature="beforeTest()[pri:0, instance:loginTestNG.AdminLogin@2a798d51]" started-at="2022-10-20T22:07:53 IST" name="beforeTest" finished-at="2022-10-20T22:07:53 IST" duration-ms="10" status="PASS">
          <reporter-output>
          </reporter-output>
        </test-method> <!-- beforeTest -->
        <test-method signature="loginTest()[pri:0, instance:loginTestNG.AdminLogin@2a798d51]" started-at="2022-10-20T22:07:53 IST" name="loginTest" finished-at="2022-10-20T22:08:02 IST" duration-ms="9374" status="PASS">
          <reporter-output>
          </reporter-output>
        </test-method> <!-- loginTest -->
        <test-method is-config="true" signature="afterTest()[pri:0, instance:loginTestNG.AdminLogin@2a798d51]" started-at="2022-10-20T22:08:18 IST" name="afterTest" finished-at="2022-10-20T22:08:18 IST" duration-ms="0" status="PASS">
          <reporter-output>
          </reporter-output>
        </test-method> <!-- afterTest -->
      </class> <!-- loginTestNG.AdminLogin -->
      <class name="loginTestNG.LoginTest">
        <test-method is-config="true" signature="beforeTest()[pri:0, instance:loginTestNG.LoginTest@222545dc]" started-at="2022-10-20T22:07:53 IST" name="beforeTest" finished-at="2022-10-20T22:07:53 IST" duration-ms="0" status="PASS">
          <reporter-output>
          </reporter-output>
        </test-method> <!-- beforeTest -->
        <test-method signature="loginTest()[pri:0, instance:loginTestNG.LoginTest@222545dc]" started-at="2022-10-20T22:08:02 IST" name="loginTest" finished-at="2022-10-20T22:08:10 IST" duration-ms="7187" status="PASS">
          <reporter-output>
          </reporter-output>
        </test-method> <!-- loginTest -->
        <test-method is-config="true" signature="afterTest()[pri:0, instance:loginTestNG.LoginTest@222545dc]" started-at="2022-10-20T22:08:18 IST" name="afterTest" finished-at="2022-10-20T22:08:18 IST" duration-ms="1" status="PASS">
          <reporter-output>
          </reporter-output>
        </test-method> <!-- afterTest -->
      </class> <!-- loginTestNG.LoginTest -->
      <class name="registrationTestNG.RegistrationTest">
        <test-method is-config="true" signature="beforeTest()[pri:0, instance:registrationTestNG.RegistrationTest@5c5eefef]" started-at="2022-10-20T22:07:53 IST" name="beforeTest" finished-at="2022-10-20T22:07:53 IST" duration-ms="1" status="PASS">
          <reporter-output>
          </reporter-output>
        </test-method> <!-- beforeTest -->
        <test-method signature="registrationTest()[pri:0, instance:registrationTestNG.RegistrationTest@5c5eefef]" started-at="2022-10-20T22:08:10 IST" name="registrationTest" finished-at="2022-10-20T22:08:18 IST" duration-ms="8436" status="PASS">
          <reporter-output>
          </reporter-output>
        </test-method> <!-- registrationTest -->
        <test-method is-config="true" signature="afterTest()[pri:0, instance:registrationTestNG.RegistrationTest@5c5eefef]" started-at="2022-10-20T22:08:18 IST" name="afterTest" finished-at="2022-10-20T22:08:18 IST" duration-ms="0" status="PASS">
          <reporter-output>
          </reporter-output>
        </test-method> <!-- afterTest -->
      </class> <!-- registrationTestNG.RegistrationTest -->
    </test> <!-- Default test -->
  </suite> <!-- Default suite -->
</testng-results>
