<?xml version="1.0" encoding="UTF-8"?>
<!-- Generated by org.testng.reporters.JUnitXMLReporter -->
<testsuite ignored="0" hostname="LAPTOP-DJTLPK5V" failures="0" tests="3" name="Default test" time="25.073" errors="0" timestamp="2022-10-20T22:08:18 IST">
  <testcase classname="loginTestNG.AdminLogin" name="loginTest" time="9.374"/>
  <testcase classname="loginTestNG.LoginTest" name="loginTest" time="7.187"/>
  <testcase classname="registrationTestNG.RegistrationTest" name="registrationTest" time="8.436"/>
</testsuite> <!-- Default test -->
